<?xml version="1.0" encoding="UTF-8"?>
<!-- Generated by org.testng.reporters.JUnitReportReporter -->
<testsuite hostname="Bryces-MacBook-Pro.local" failures="0" tests="1" name="com.maven.MavenTest" time="0.001" errors="0" timestamp="06 Dec 2018 02:04:37 GMT" skipped="0">
  <testcase classname="com.maven.MavenTest" name="hello" time="0.001"/>
</testsuite> <!-- com.maven.MavenTest -->
