<?xml version="1.0" encoding="UTF-8"?>
<!-- Generated by org.testng.reporters.JUnitReportReporter -->
<testsuite hostname="Bryces-MacBook-Pro.local" failures="0" tests="1" name="com.maven.MavenTest2" time="0.006" errors="0" timestamp="06 Dec 2018 02:26:44 GMT" skipped="0">
  <testcase classname="com.maven.MavenTest2" name="hello2" time="0.006"/>
</testsuite> <!-- com.maven.MavenTest2 -->
